<?xml version="1.0" encoding="UTF-8"?>
<!-- Generated by org.testng.reporters.JUnitReportReporter -->
<testsuite hostname="a29879c3c9735dd" failures="0" tests="2" name="com.Api.LibraryAPITest" time="2.107" errors="0" timestamp="2023-10-14T12:41:02 IST" skipped="0">
  <testcase classname="com.Api.LibraryAPITest" name="testGetUser" time="1.440"/>
  <system-out/>
  <testcase classname="com.Api.LibraryAPITest" name="testUpdateUser" time="0.667"/>
  <system-out/>
</testsuite> <!-- com.Api.LibraryAPITest -->
